{"level":"error","message":"Something Failed during startup Something Failed during startup","stack":"Error: Something Failed during startup\n    at Object.<anonymous> (/Users/shaunakdatar/vidlyMovieRental/index.js:25:7)\n    at Module._compile (node:internal/modules/cjs/loader:1241:14)\n    at Module._extensions..js (node:internal/modules/cjs/loader:1295:10)\n    at Module.load (node:internal/modules/cjs/loader:1091:32)\n    at Module._load (node:internal/modules/cjs/loader:938:12)\n    at Function.executeUserEntryPoint [as runMain] (node:internal/modules/run_main:83:12)\n    at node:internal/main/run_main_module:23:47"}
{"level":"error","message":"Something Failed Miserably Something Failed Miserably","stack":"Error: Something Failed Miserably\n    at Object.<anonymous> (/Users/shaunakdatar/vidlyMovieRental/index.js:26:26)\n    at Module._compile (node:internal/modules/cjs/loader:1241:14)\n    at Module._extensions..js (node:internal/modules/cjs/loader:1295:10)\n    at Module.load (node:internal/modules/cjs/loader:1091:32)\n    at Module._load (node:internal/modules/cjs/loader:938:12)\n    at Function.executeUserEntryPoint [as runMain] (node:internal/modules/run_main:83:12)\n    at node:internal/main/run_main_module:23:47"}
{"level":"error","message":"Something Failed Miserably Something Failed Miserably","stack":"Error: Something Failed Miserably\n    at Object.<anonymous> (/Users/shaunakdatar/vidlyMovieRental/index.js:30:26)\n    at Module._compile (node:internal/modules/cjs/loader:1241:14)\n    at Module._extensions..js (node:internal/modules/cjs/loader:1295:10)\n    at Module.load (node:internal/modules/cjs/loader:1091:32)\n    at Module._load (node:internal/modules/cjs/loader:938:12)\n    at Function.executeUserEntryPoint [as runMain] (node:internal/modules/run_main:83:12)\n    at node:internal/main/run_main_module:23:47"}
{"level":"info","message":"Connected to MongoDB..."}
{"level":"info","message":"Listening on port 3000..."}
{"level":"info","message":"Connected to MongoDB..."}
{"message":"Listening on port 3000...","level":"info"}
{"message":"Connected to MongoDB...","level":"info"}
{"message":"Listening on port 3000...","level":"info"}
{"message":"Connected to MongoDB...","level":"info"}
{"message":"Listening on port 3000...","level":"info"}
{"message":"Connected to MongoDB...","level":"info"}
{"message":"Listening on port 3000...","level":"info"}
{"message":"Connected to MongoDB...","level":"info"}
{"message":"Listening on port 3000...","level":"info"}
{"message":"Connected to MongoDB...","level":"info"}
{"message":"Listening on port 3000...","level":"info"}
{"message":"Connected to MongoDB...","level":"info"}
{"message":"Listening on port 3000...","level":"info"}
{"message":"Connected to MongoDB...","level":"info"}
{"message":"Connected to MongoDB...","level":"info"}
{"message":"Listening on port 3000...","level":"info"}
{"message":"Connected to MongoDB...","level":"info"}{"message":"Listening on port 3000...","level":"info"}
{"message":"Connected to MongoDB...","level":"info"}
{"message":"Listening on port 3000...","level":"info"}
